<?xml version="1.0" encoding="UTF-8"?>
<testng-results skipped="0" failed="0" ignored="0" total="3" passed="3">
  <reporter-output>
  </reporter-output>
  <suite name="Suite" duration-ms="99602" started-at="2020-01-08T18:27:35 IST" finished-at="2020-01-08T18:29:15 IST">
    <groups>
    </groups>
    <test name="Test1" duration-ms="10388" started-at="2020-01-08T18:27:35 IST" finished-at="2020-01-08T18:27:46 IST">
      <class name="WebDriver.WebDriver.DemoTest">
        <test-method status="PASS" signature="firstMavenTest()[pri:0, instance:WebDriver.WebDriver.DemoTest@65e2dbf3]" name="firstMavenTest" duration-ms="10328" started-at="2020-01-08T18:27:35 IST" finished-at="2020-01-08T18:27:46 IST">
          <reporter-output>
          </reporter-output>
        </test-method> <!-- firstMavenTest -->
      </class> <!-- WebDriver.WebDriver.DemoTest -->
    </test> <!-- Test1 -->
    <test name="Test2" duration-ms="89178" started-at="2020-01-08T18:27:46 IST" finished-at="2020-01-08T18:29:15 IST">
      <class name="WebDriver.WebDriver.SampleTest">
        <test-method status="PASS" signature="firstMavenTest()[pri:0, instance:WebDriver.WebDriver.SampleTest@6737fd8f]" name="firstMavenTest" duration-ms="17485" started-at="2020-01-08T18:27:46 IST" finished-at="2020-01-08T18:28:03 IST">
          <reporter-output>
          </reporter-output>
        </test-method> <!-- firstMavenTest -->
        <test-method status="PASS" signature="secondMavenTest()[pri:0, instance:WebDriver.WebDriver.SampleTest@6737fd8f]" name="secondMavenTest" duration-ms="71689" started-at="2020-01-08T18:28:03 IST" finished-at="2020-01-08T18:29:15 IST">
          <reporter-output>
          </reporter-output>
        </test-method> <!-- secondMavenTest -->
      </class> <!-- WebDriver.WebDriver.SampleTest -->
    </test> <!-- Test2 -->
  </suite> <!-- Suite -->
</testng-results>
